<?xml version="1.0" encoding="UTF-8"?>
<testsuite xmlns:xsi="http://www.w3.org/2001/XMLSchema-instance" xsi:noNamespaceSchemaLocation="https://maven.apache.org/surefire/maven-surefire-plugin/xsd/surefire-test-report.xsd" name="FormServiceTest" time="0.217" tests="1" errors="1" skipped="0" failures="0">
  <properties>
    <property name="java.specification.version" value="14"/>
    <property name="sun.jnu.encoding" value="UTF-8"/>
    <property name="java.class.path" value="/Users/saumyasaxena/Desktop/Day1_devops_saumya/Devops/devops-test-app/target/test-classes:/Users/saumyasaxena/Desktop/Day1_devops_saumya/Devops/devops-test-app/target/classes:/Users/saumyasaxena/.m2/repository/org/springframework/boot/spring-boot-starter-web/2.1.7.RELEASE/spring-boot-starter-web-2.1.7.RELEASE.jar:/Users/saumyasaxena/.m2/repository/org/springframework/boot/spring-boot-starter/2.1.7.RELEASE/spring-boot-starter-2.1.7.RELEASE.jar:/Users/saumyasaxena/.m2/repository/org/springframework/boot/spring-boot/2.1.7.RELEASE/spring-boot-2.1.7.RELEASE.jar:/Users/saumyasaxena/.m2/repository/org/springframework/boot/spring-boot-autoconfigure/2.1.7.RELEASE/spring-boot-autoconfigure-2.1.7.RELEASE.jar:/Users/saumyasaxena/.m2/repository/org/springframework/boot/spring-boot-starter-logging/2.1.7.RELEASE/spring-boot-starter-logging-2.1.7.RELEASE.jar:/Users/saumyasaxena/.m2/repository/ch/qos/logback/logback-classic/1.2.3/logback-classic-1.2.3.jar:/Users/saumyasaxena/.m2/repository/ch/qos/logback/logback-core/1.2.3/logback-core-1.2.3.jar:/Users/saumyasaxena/.m2/repository/org/apache/logging/log4j/log4j-to-slf4j/2.11.2/log4j-to-slf4j-2.11.2.jar:/Users/saumyasaxena/.m2/repository/org/apache/logging/log4j/log4j-api/2.11.2/log4j-api-2.11.2.jar:/Users/saumyasaxena/.m2/repository/org/slf4j/jul-to-slf4j/1.7.26/jul-to-slf4j-1.7.26.jar:/Users/saumyasaxena/.m2/repository/javax/annotation/javax.annotation-api/1.3.2/javax.annotation-api-1.3.2.jar:/Users/saumyasaxena/.m2/repository/org/yaml/snakeyaml/1.23/snakeyaml-1.23.jar:/Users/saumyasaxena/.m2/repository/org/springframework/boot/spring-boot-starter-json/2.1.7.RELEASE/spring-boot-starter-json-2.1.7.RELEASE.jar:/Users/saumyasaxena/.m2/repository/com/fasterxml/jackson/core/jackson-databind/2.9.9/jackson-databind-2.9.9.jar:/Users/saumyasaxena/.m2/repository/com/fasterxml/jackson/core/jackson-annotations/2.9.0/jackson-annotations-2.9.0.jar:/Users/saumyasaxena/.m2/repository/com/fasterxml/jackson/core/jackson-core/2.9.9/jackson-core-2.9.9.jar:/Users/saumyasaxena/.m2/repository/com/fasterxml/jackson/datatype/jackson-datatype-jdk8/2.9.9/jackson-datatype-jdk8-2.9.9.jar:/Users/saumyasaxena/.m2/repository/com/fasterxml/jackson/datatype/jackson-datatype-jsr310/2.9.9/jackson-datatype-jsr310-2.9.9.jar:/Users/saumyasaxena/.m2/repository/com/fasterxml/jackson/module/jackson-module-parameter-names/2.9.9/jackson-module-parameter-names-2.9.9.jar:/Users/saumyasaxena/.m2/repository/org/springframework/boot/spring-boot-starter-tomcat/2.1.7.RELEASE/spring-boot-starter-tomcat-2.1.7.RELEASE.jar:/Users/saumyasaxena/.m2/repository/org/apache/tomcat/embed/tomcat-embed-core/9.0.22/tomcat-embed-core-9.0.22.jar:/Users/saumyasaxena/.m2/repository/org/apache/tomcat/embed/tomcat-embed-el/9.0.22/tomcat-embed-el-9.0.22.jar:/Users/saumyasaxena/.m2/repository/org/apache/tomcat/embed/tomcat-embed-websocket/9.0.22/tomcat-embed-websocket-9.0.22.jar:/Users/saumyasaxena/.m2/repository/org/hibernate/validator/hibernate-validator/6.0.17.Final/hibernate-validator-6.0.17.Final.jar:/Users/saumyasaxena/.m2/repository/javax/validation/validation-api/2.0.1.Final/validation-api-2.0.1.Final.jar:/Users/saumyasaxena/.m2/repository/org/jboss/logging/jboss-logging/3.3.2.Final/jboss-logging-3.3.2.Final.jar:/Users/saumyasaxena/.m2/repository/com/fasterxml/classmate/1.4.0/classmate-1.4.0.jar:/Users/saumyasaxena/.m2/repository/org/springframework/spring-web/5.1.9.RELEASE/spring-web-5.1.9.RELEASE.jar:/Users/saumyasaxena/.m2/repository/org/springframework/spring-beans/5.1.9.RELEASE/spring-beans-5.1.9.RELEASE.jar:/Users/saumyasaxena/.m2/repository/org/springframework/spring-webmvc/5.1.9.RELEASE/spring-webmvc-5.1.9.RELEASE.jar:/Users/saumyasaxena/.m2/repository/org/springframework/spring-aop/5.1.9.RELEASE/spring-aop-5.1.9.RELEASE.jar:/Users/saumyasaxena/.m2/repository/org/springframework/spring-context/5.1.9.RELEASE/spring-context-5.1.9.RELEASE.jar:/Users/saumyasaxena/.m2/repository/org/springframework/spring-expression/5.1.9.RELEASE/spring-expression-5.1.9.RELEASE.jar:/Users/saumyasaxena/.m2/repository/org/springframework/boot/spring-boot-starter-test/2.1.7.RELEASE/spring-boot-starter-test-2.1.7.RELEASE.jar:/Users/saumyasaxena/.m2/repository/org/springframework/boot/spring-boot-test/2.1.7.RELEASE/spring-boot-test-2.1.7.RELEASE.jar:/Users/saumyasaxena/.m2/repository/org/springframework/boot/spring-boot-test-autoconfigure/2.1.7.RELEASE/spring-boot-test-autoconfigure-2.1.7.RELEASE.jar:/Users/saumyasaxena/.m2/repository/com/jayway/jsonpath/json-path/2.4.0/json-path-2.4.0.jar:/Users/saumyasaxena/.m2/repository/net/minidev/json-smart/2.3/json-smart-2.3.jar:/Users/saumyasaxena/.m2/repository/net/minidev/accessors-smart/1.2/accessors-smart-1.2.jar:/Users/saumyasaxena/.m2/repository/org/ow2/asm/asm/5.0.4/asm-5.0.4.jar:/Users/saumyasaxena/.m2/repository/org/slf4j/slf4j-api/1.7.26/slf4j-api-1.7.26.jar:/Users/saumyasaxena/.m2/repository/org/assertj/assertj-core/3.11.1/assertj-core-3.11.1.jar:/Users/saumyasaxena/.m2/repository/org/mockito/mockito-core/2.23.4/mockito-core-2.23.4.jar:/Users/saumyasaxena/.m2/repository/net/bytebuddy/byte-buddy/1.9.16/byte-buddy-1.9.16.jar:/Users/saumyasaxena/.m2/repository/net/bytebuddy/byte-buddy-agent/1.9.16/byte-buddy-agent-1.9.16.jar:/Users/saumyasaxena/.m2/repository/org/objenesis/objenesis/2.6/objenesis-2.6.jar:/Users/saumyasaxena/.m2/repository/org/hamcrest/hamcrest-core/1.3/hamcrest-core-1.3.jar:/Users/saumyasaxena/.m2/repository/org/hamcrest/hamcrest-library/1.3/hamcrest-library-1.3.jar:/Users/saumyasaxena/.m2/repository/org/skyscreamer/jsonassert/1.5.0/jsonassert-1.5.0.jar:/Users/saumyasaxena/.m2/repository/com/vaadin/external/google/android-json/0.0.20131108.vaadin1/android-json-0.0.20131108.vaadin1.jar:/Users/saumyasaxena/.m2/repository/org/springframework/spring-core/5.1.9.RELEASE/spring-core-5.1.9.RELEASE.jar:/Users/saumyasaxena/.m2/repository/org/springframework/spring-jcl/5.1.9.RELEASE/spring-jcl-5.1.9.RELEASE.jar:/Users/saumyasaxena/.m2/repository/org/springframework/spring-test/5.1.9.RELEASE/spring-test-5.1.9.RELEASE.jar:/Users/saumyasaxena/.m2/repository/org/xmlunit/xmlunit-core/2.6.3/xmlunit-core-2.6.3.jar:/Users/saumyasaxena/.m2/repository/javax/xml/bind/jaxb-api/2.3.1/jaxb-api-2.3.1.jar:/Users/saumyasaxena/.m2/repository/javax/activation/javax.activation-api/1.2.0/javax.activation-api-1.2.0.jar:/Users/saumyasaxena/.m2/repository/org/junit/jupiter/junit-jupiter-api/5.3.2/junit-jupiter-api-5.3.2.jar:/Users/saumyasaxena/.m2/repository/org/apiguardian/apiguardian-api/1.0.0/apiguardian-api-1.0.0.jar:/Users/saumyasaxena/.m2/repository/org/opentest4j/opentest4j/1.1.1/opentest4j-1.1.1.jar:/Users/saumyasaxena/.m2/repository/org/junit/platform/junit-platform-commons/1.3.2/junit-platform-commons-1.3.2.jar:/Users/saumyasaxena/.m2/repository/org/junit/jupiter/junit-jupiter-engine/5.3.2/junit-jupiter-engine-5.3.2.jar:/Users/saumyasaxena/.m2/repository/org/junit/platform/junit-platform-engine/1.3.2/junit-platform-engine-1.3.2.jar:"/>
    <property name="java.vm.vendor" value="Oracle Corporation"/>
    <property name="sun.arch.data.model" value="64"/>
    <property name="java.vendor.url" value="https://openjdk.java.net/"/>
    <property name="os.name" value="Mac OS X"/>
    <property name="java.vm.specification.version" value="14"/>
    <property name="sun.java.launcher" value="SUN_STANDARD"/>
    <property name="user.country" value="IN"/>
    <property name="sun.boot.library.path" value="/usr/local/Cellar/openjdk/14.0.1/libexec/openjdk.jdk/Contents/Home/lib"/>
    <property name="sun.java.command" value="/Users/saumyasaxena/Desktop/Day1_devops_saumya/Devops/devops-test-app/target/surefire/surefirebooter13004265176061944077.jar /Users/saumyasaxena/Desktop/Day1_devops_saumya/Devops/devops-test-app/target/surefire 2020-07-21T16-42-00_735-jvmRun1 surefire1431168276583362464tmp surefire_09347413886559599343tmp"/>
    <property name="http.nonProxyHosts" value="local|*.local|169.254/16|*.169.254/16"/>
    <property name="jdk.debug" value="release"/>
    <property name="surefire.test.class.path" value="/Users/saumyasaxena/Desktop/Day1_devops_saumya/Devops/devops-test-app/target/test-classes:/Users/saumyasaxena/Desktop/Day1_devops_saumya/Devops/devops-test-app/target/classes:/Users/saumyasaxena/.m2/repository/org/springframework/boot/spring-boot-starter-web/2.1.7.RELEASE/spring-boot-starter-web-2.1.7.RELEASE.jar:/Users/saumyasaxena/.m2/repository/org/springframework/boot/spring-boot-starter/2.1.7.RELEASE/spring-boot-starter-2.1.7.RELEASE.jar:/Users/saumyasaxena/.m2/repository/org/springframework/boot/spring-boot/2.1.7.RELEASE/spring-boot-2.1.7.RELEASE.jar:/Users/saumyasaxena/.m2/repository/org/springframework/boot/spring-boot-autoconfigure/2.1.7.RELEASE/spring-boot-autoconfigure-2.1.7.RELEASE.jar:/Users/saumyasaxena/.m2/repository/org/springframework/boot/spring-boot-starter-logging/2.1.7.RELEASE/spring-boot-starter-logging-2.1.7.RELEASE.jar:/Users/saumyasaxena/.m2/repository/ch/qos/logback/logback-classic/1.2.3/logback-classic-1.2.3.jar:/Users/saumyasaxena/.m2/repository/ch/qos/logback/logback-core/1.2.3/logback-core-1.2.3.jar:/Users/saumyasaxena/.m2/repository/org/apache/logging/log4j/log4j-to-slf4j/2.11.2/log4j-to-slf4j-2.11.2.jar:/Users/saumyasaxena/.m2/repository/org/apache/logging/log4j/log4j-api/2.11.2/log4j-api-2.11.2.jar:/Users/saumyasaxena/.m2/repository/org/slf4j/jul-to-slf4j/1.7.26/jul-to-slf4j-1.7.26.jar:/Users/saumyasaxena/.m2/repository/javax/annotation/javax.annotation-api/1.3.2/javax.annotation-api-1.3.2.jar:/Users/saumyasaxena/.m2/repository/org/yaml/snakeyaml/1.23/snakeyaml-1.23.jar:/Users/saumyasaxena/.m2/repository/org/springframework/boot/spring-boot-starter-json/2.1.7.RELEASE/spring-boot-starter-json-2.1.7.RELEASE.jar:/Users/saumyasaxena/.m2/repository/com/fasterxml/jackson/core/jackson-databind/2.9.9/jackson-databind-2.9.9.jar:/Users/saumyasaxena/.m2/repository/com/fasterxml/jackson/core/jackson-annotations/2.9.0/jackson-annotations-2.9.0.jar:/Users/saumyasaxena/.m2/repository/com/fasterxml/jackson/core/jackson-core/2.9.9/jackson-core-2.9.9.jar:/Users/saumyasaxena/.m2/repository/com/fasterxml/jackson/datatype/jackson-datatype-jdk8/2.9.9/jackson-datatype-jdk8-2.9.9.jar:/Users/saumyasaxena/.m2/repository/com/fasterxml/jackson/datatype/jackson-datatype-jsr310/2.9.9/jackson-datatype-jsr310-2.9.9.jar:/Users/saumyasaxena/.m2/repository/com/fasterxml/jackson/module/jackson-module-parameter-names/2.9.9/jackson-module-parameter-names-2.9.9.jar:/Users/saumyasaxena/.m2/repository/org/springframework/boot/spring-boot-starter-tomcat/2.1.7.RELEASE/spring-boot-starter-tomcat-2.1.7.RELEASE.jar:/Users/saumyasaxena/.m2/repository/org/apache/tomcat/embed/tomcat-embed-core/9.0.22/tomcat-embed-core-9.0.22.jar:/Users/saumyasaxena/.m2/repository/org/apache/tomcat/embed/tomcat-embed-el/9.0.22/tomcat-embed-el-9.0.22.jar:/Users/saumyasaxena/.m2/repository/org/apache/tomcat/embed/tomcat-embed-websocket/9.0.22/tomcat-embed-websocket-9.0.22.jar:/Users/saumyasaxena/.m2/repository/org/hibernate/validator/hibernate-validator/6.0.17.Final/hibernate-validator-6.0.17.Final.jar:/Users/saumyasaxena/.m2/repository/javax/validation/validation-api/2.0.1.Final/validation-api-2.0.1.Final.jar:/Users/saumyasaxena/.m2/repository/org/jboss/logging/jboss-logging/3.3.2.Final/jboss-logging-3.3.2.Final.jar:/Users/saumyasaxena/.m2/repository/com/fasterxml/classmate/1.4.0/classmate-1.4.0.jar:/Users/saumyasaxena/.m2/repository/org/springframework/spring-web/5.1.9.RELEASE/spring-web-5.1.9.RELEASE.jar:/Users/saumyasaxena/.m2/repository/org/springframework/spring-beans/5.1.9.RELEASE/spring-beans-5.1.9.RELEASE.jar:/Users/saumyasaxena/.m2/repository/org/springframework/spring-webmvc/5.1.9.RELEASE/spring-webmvc-5.1.9.RELEASE.jar:/Users/saumyasaxena/.m2/repository/org/springframework/spring-aop/5.1.9.RELEASE/spring-aop-5.1.9.RELEASE.jar:/Users/saumyasaxena/.m2/repository/org/springframework/spring-context/5.1.9.RELEASE/spring-context-5.1.9.RELEASE.jar:/Users/saumyasaxena/.m2/repository/org/springframework/spring-expression/5.1.9.RELEASE/spring-expression-5.1.9.RELEASE.jar:/Users/saumyasaxena/.m2/repository/org/springframework/boot/spring-boot-starter-test/2.1.7.RELEASE/spring-boot-starter-test-2.1.7.RELEASE.jar:/Users/saumyasaxena/.m2/repository/org/springframework/boot/spring-boot-test/2.1.7.RELEASE/spring-boot-test-2.1.7.RELEASE.jar:/Users/saumyasaxena/.m2/repository/org/springframework/boot/spring-boot-test-autoconfigure/2.1.7.RELEASE/spring-boot-test-autoconfigure-2.1.7.RELEASE.jar:/Users/saumyasaxena/.m2/repository/com/jayway/jsonpath/json-path/2.4.0/json-path-2.4.0.jar:/Users/saumyasaxena/.m2/repository/net/minidev/json-smart/2.3/json-smart-2.3.jar:/Users/saumyasaxena/.m2/repository/net/minidev/accessors-smart/1.2/accessors-smart-1.2.jar:/Users/saumyasaxena/.m2/repository/org/ow2/asm/asm/5.0.4/asm-5.0.4.jar:/Users/saumyasaxena/.m2/repository/org/slf4j/slf4j-api/1.7.26/slf4j-api-1.7.26.jar:/Users/saumyasaxena/.m2/repository/org/assertj/assertj-core/3.11.1/assertj-core-3.11.1.jar:/Users/saumyasaxena/.m2/repository/org/mockito/mockito-core/2.23.4/mockito-core-2.23.4.jar:/Users/saumyasaxena/.m2/repository/net/bytebuddy/byte-buddy/1.9.16/byte-buddy-1.9.16.jar:/Users/saumyasaxena/.m2/repository/net/bytebuddy/byte-buddy-agent/1.9.16/byte-buddy-agent-1.9.16.jar:/Users/saumyasaxena/.m2/repository/org/objenesis/objenesis/2.6/objenesis-2.6.jar:/Users/saumyasaxena/.m2/repository/org/hamcrest/hamcrest-core/1.3/hamcrest-core-1.3.jar:/Users/saumyasaxena/.m2/repository/org/hamcrest/hamcrest-library/1.3/hamcrest-library-1.3.jar:/Users/saumyasaxena/.m2/repository/org/skyscreamer/jsonassert/1.5.0/jsonassert-1.5.0.jar:/Users/saumyasaxena/.m2/repository/com/vaadin/external/google/android-json/0.0.20131108.vaadin1/android-json-0.0.20131108.vaadin1.jar:/Users/saumyasaxena/.m2/repository/org/springframework/spring-core/5.1.9.RELEASE/spring-core-5.1.9.RELEASE.jar:/Users/saumyasaxena/.m2/repository/org/springframework/spring-jcl/5.1.9.RELEASE/spring-jcl-5.1.9.RELEASE.jar:/Users/saumyasaxena/.m2/repository/org/springframework/spring-test/5.1.9.RELEASE/spring-test-5.1.9.RELEASE.jar:/Users/saumyasaxena/.m2/repository/org/xmlunit/xmlunit-core/2.6.3/xmlunit-core-2.6.3.jar:/Users/saumyasaxena/.m2/repository/javax/xml/bind/jaxb-api/2.3.1/jaxb-api-2.3.1.jar:/Users/saumyasaxena/.m2/repository/javax/activation/javax.activation-api/1.2.0/javax.activation-api-1.2.0.jar:/Users/saumyasaxena/.m2/repository/org/junit/jupiter/junit-jupiter-api/5.3.2/junit-jupiter-api-5.3.2.jar:/Users/saumyasaxena/.m2/repository/org/apiguardian/apiguardian-api/1.0.0/apiguardian-api-1.0.0.jar:/Users/saumyasaxena/.m2/repository/org/opentest4j/opentest4j/1.1.1/opentest4j-1.1.1.jar:/Users/saumyasaxena/.m2/repository/org/junit/platform/junit-platform-commons/1.3.2/junit-platform-commons-1.3.2.jar:/Users/saumyasaxena/.m2/repository/org/junit/jupiter/junit-jupiter-engine/5.3.2/junit-jupiter-engine-5.3.2.jar:/Users/saumyasaxena/.m2/repository/org/junit/platform/junit-platform-engine/1.3.2/junit-platform-engine-1.3.2.jar:"/>
    <property name="sun.cpu.endian" value="little"/>
    <property name="user.home" value="/Users/saumyasaxena"/>
    <property name="user.language" value="en"/>
    <property name="java.specification.vendor" value="Oracle Corporation"/>
    <property name="java.version.date" value="2020-04-14"/>
    <property name="java.home" value="/usr/local/Cellar/openjdk/14.0.1/libexec/openjdk.jdk/Contents/Home"/>
    <property name="file.separator" value="/"/>
    <property name="basedir" value="/Users/saumyasaxena/Desktop/Day1_devops_saumya/Devops/devops-test-app"/>
    <property name="java.vm.compressedOopsMode" value="Zero based"/>
    <property name="line.separator" value="&#10;"/>
    <property name="java.specification.name" value="Java Platform API Specification"/>
    <property name="java.vm.specification.vendor" value="Oracle Corporation"/>
    <property name="surefire.real.class.path" value="/Users/saumyasaxena/Desktop/Day1_devops_saumya/Devops/devops-test-app/target/surefire/surefirebooter13004265176061944077.jar"/>
    <property name="sun.management.compiler" value="HotSpot 64-Bit Tiered Compilers"/>
    <property name="ftp.nonProxyHosts" value="local|*.local|169.254/16|*.169.254/16"/>
    <property name="java.runtime.version" value="14.0.1+14"/>
    <property name="user.name" value="saumyasaxena"/>
    <property name="path.separator" value=":"/>
    <property name="os.version" value="10.15.3"/>
    <property name="java.runtime.name" value="OpenJDK Runtime Environment"/>
    <property name="file.encoding" value="UTF-8"/>
    <property name="java.vm.name" value="OpenJDK 64-Bit Server VM"/>
    <property name="localRepository" value="/Users/saumyasaxena/.m2/repository"/>
    <property name="java.vendor.url.bug" value="https://bugreport.java.com/bugreport/"/>
    <property name="java.io.tmpdir" value="/var/folders/pt/2frks1xx6pn_52k5nkkknbbw0000gn/T/"/>
    <property name="java.version" value="14.0.1"/>
    <property name="user.dir" value="/Users/saumyasaxena/Desktop/Day1_devops_saumya/Devops/devops-test-app"/>
    <property name="os.arch" value="x86_64"/>
    <property name="java.vm.specification.name" value="Java Virtual Machine Specification"/>
    <property name="java.library.path" value="/Users/saumyasaxena/Library/Java/Extensions:/Library/Java/Extensions:/Network/Library/Java/Extensions:/System/Library/Java/Extensions:/usr/lib/java:."/>
    <property name="java.vm.info" value="mixed mode, sharing"/>
    <property name="java.vendor" value="N/A"/>
    <property name="java.vm.version" value="14.0.1+14"/>
    <property name="sun.io.unicode.encoding" value="UnicodeBig"/>
    <property name="socksNonProxyHosts" value="local|*.local|169.254/16|*.169.254/16"/>
    <property name="java.class.version" value="58.0"/>
  </properties>
  <testcase name="FormServiceTest" classname="FormServiceTest" time="0.215">
    <error message="Unable to find a @SpringBootConfiguration, you need to use @ContextConfiguration or @SpringBootTest(classes=...) with your test" type="java.lang.IllegalStateException">java.lang.IllegalStateException: Unable to find a @SpringBootConfiguration, you need to use @ContextConfiguration or @SpringBootTest(classes=...) with your test
</error>
    <system-out><![CDATA[16:42:01.400 [main] DEBUG org.springframework.test.context.BootstrapUtils - Instantiating CacheAwareContextLoaderDelegate from class [org.springframework.test.context.cache.DefaultCacheAwareContextLoaderDelegate]
16:42:01.418 [main] DEBUG org.springframework.test.context.BootstrapUtils - Instantiating BootstrapContext using constructor [public org.springframework.test.context.support.DefaultBootstrapContext(java.lang.Class,org.springframework.test.context.CacheAwareContextLoaderDelegate)]
16:42:01.434 [main] DEBUG org.springframework.test.context.BootstrapUtils - Instantiating TestContextBootstrapper for test class [FormServiceTest] from class [org.springframework.boot.test.context.SpringBootTestContextBootstrapper]
16:42:01.450 [main] INFO org.springframework.boot.test.context.SpringBootTestContextBootstrapper - Neither @ContextConfiguration nor @ContextHierarchy found for test class [FormServiceTest], using SpringBootContextLoader
16:42:01.454 [main] DEBUG org.springframework.test.context.support.AbstractContextLoader - Did not detect default resource location for test class [FormServiceTest]: class path resource [FormServiceTest-context.xml] does not exist
16:42:01.455 [main] DEBUG org.springframework.test.context.support.AbstractContextLoader - Did not detect default resource location for test class [FormServiceTest]: class path resource [FormServiceTestContext.groovy] does not exist
16:42:01.455 [main] INFO org.springframework.test.context.support.AbstractContextLoader - Could not detect default resource locations for test class [FormServiceTest]: no resource found for suffixes {-context.xml, Context.groovy}.
16:42:01.456 [main] INFO org.springframework.test.context.support.AnnotationConfigContextLoaderUtils - Could not detect default configuration classes for test class [FormServiceTest]: FormServiceTest does not declare any static, non-private, non-final, nested classes annotated with @Configuration.
16:42:01.494 [main] DEBUG org.springframework.test.context.support.ActiveProfilesUtils - Could not find an 'annotation declaring class' for annotation type [org.springframework.test.context.ActiveProfiles] and class [FormServiceTest]
16:42:01.510 [main] DEBUG org.springframework.test.context.BootstrapUtils - Instantiating CacheAwareContextLoaderDelegate from class [org.springframework.test.context.cache.DefaultCacheAwareContextLoaderDelegate]
16:42:01.511 [main] DEBUG org.springframework.test.context.BootstrapUtils - Instantiating BootstrapContext using constructor [public org.springframework.test.context.support.DefaultBootstrapContext(java.lang.Class,org.springframework.test.context.CacheAwareContextLoaderDelegate)]
16:42:01.511 [main] DEBUG org.springframework.test.context.BootstrapUtils - Instantiating TestContextBootstrapper for test class [FormServiceTest] from class [org.springframework.boot.test.context.SpringBootTestContextBootstrapper]
16:42:01.511 [main] INFO org.springframework.boot.test.context.SpringBootTestContextBootstrapper - Neither @ContextConfiguration nor @ContextHierarchy found for test class [FormServiceTest], using SpringBootContextLoader
16:42:01.512 [main] DEBUG org.springframework.test.context.support.AbstractContextLoader - Did not detect default resource location for test class [FormServiceTest]: class path resource [FormServiceTest-context.xml] does not exist
16:42:01.512 [main] DEBUG org.springframework.test.context.support.AbstractContextLoader - Did not detect default resource location for test class [FormServiceTest]: class path resource [FormServiceTestContext.groovy] does not exist
16:42:01.513 [main] INFO org.springframework.test.context.support.AbstractContextLoader - Could not detect default resource locations for test class [FormServiceTest]: no resource found for suffixes {-context.xml, Context.groovy}.
16:42:01.513 [main] INFO org.springframework.test.context.support.AnnotationConfigContextLoaderUtils - Could not detect default configuration classes for test class [FormServiceTest]: FormServiceTest does not declare any static, non-private, non-final, nested classes annotated with @Configuration.
16:42:01.516 [main] DEBUG org.springframework.test.context.support.ActiveProfilesUtils - Could not find an 'annotation declaring class' for annotation type [org.springframework.test.context.ActiveProfiles] and class [FormServiceTest]
16:42:01.517 [main] DEBUG org.springframework.test.context.BootstrapUtils - Instantiating CacheAwareContextLoaderDelegate from class [org.springframework.test.context.cache.DefaultCacheAwareContextLoaderDelegate]
16:42:01.517 [main] DEBUG org.springframework.test.context.BootstrapUtils - Instantiating BootstrapContext using constructor [public org.springframework.test.context.support.DefaultBootstrapContext(java.lang.Class,org.springframework.test.context.CacheAwareContextLoaderDelegate)]
16:42:01.518 [main] DEBUG org.springframework.test.context.BootstrapUtils - Instantiating TestContextBootstrapper for test class [FormServiceTest] from class [org.springframework.boot.test.context.SpringBootTestContextBootstrapper]
16:42:01.519 [main] INFO org.springframework.boot.test.context.SpringBootTestContextBootstrapper - Neither @ContextConfiguration nor @ContextHierarchy found for test class [FormServiceTest], using SpringBootContextLoader
16:42:01.519 [main] DEBUG org.springframework.test.context.support.AbstractContextLoader - Did not detect default resource location for test class [FormServiceTest]: class path resource [FormServiceTest-context.xml] does not exist
16:42:01.520 [main] DEBUG org.springframework.test.context.support.AbstractContextLoader - Did not detect default resource location for test class [FormServiceTest]: class path resource [FormServiceTestContext.groovy] does not exist
16:42:01.520 [main] INFO org.springframework.test.context.support.AbstractContextLoader - Could not detect default resource locations for test class [FormServiceTest]: no resource found for suffixes {-context.xml, Context.groovy}.
16:42:01.520 [main] INFO org.springframework.test.context.support.AnnotationConfigContextLoaderUtils - Could not detect default configuration classes for test class [FormServiceTest]: FormServiceTest does not declare any static, non-private, non-final, nested classes annotated with @Configuration.
16:42:01.522 [main] DEBUG org.springframework.test.context.support.ActiveProfilesUtils - Could not find an 'annotation declaring class' for annotation type [org.springframework.test.context.ActiveProfiles] and class [FormServiceTest]
]]></system-out>
  </testcase>
</testsuite>